TN:
SF:script/DeployContracts.s.sol
FN:48,DeployContracts.run
FNDA:97,DeployContracts.run
DA:50,97
BRDA:50,0,0,97
BRDA:50,0,1,-
DA:51,97
DA:52,97
DA:53,0
BRDA:53,1,0,-
BRDA:53,1,1,-
DA:54,0
DA:56,0
DA:69,0
BRDA:69,2,0,-
DA:70,0
DA:72,0
DA:87,97
FN:91,DeployContracts.deploymentsOnLocalNetwork
FNDA:0,DeployContracts.deploymentsOnLocalNetwork
DA:92,97
DA:93,97
DA:94,97
DA:95,97
DA:96,97
DA:97,97
DA:108,97
DA:109,97
DA:116,97
DA:119,97
DA:122,97
DA:125,97
DA:127,97
DA:129,97
DA:131,97
DA:132,97
DA:134,97
FNF:2
FNH:1
LF:27
LH:21
BRF:5
BRH:1
end_of_record
TN:
SF:src/AmbassadorNft.sol
FN:23,AmbassadorNft.
FNDA:18,AmbassadorNft.
DA:24,18
BRDA:24,0,0,1
DA:25,17
DA:26,17
DA:27,17
DA:28,17
FN:34,AmbassadorNft.setURI
FNDA:2,AmbassadorNft.setURI
DA:35,1
FN:44,AmbassadorNft.mint
FNDA:53,AmbassadorNft.mint
DA:45,49
FN:54,AmbassadorNft.mintBatch
FNDA:3,AmbassadorNft.mintBatch
DA:58,3
FN:68,AmbassadorNft.burn
FNDA:9,AmbassadorNft.burn
DA:69,6
FN:73,AmbassadorNft.burnBatch
FNDA:2,AmbassadorNft.burnBatch
DA:79,1
FN:86,AmbassadorNft.supportsInterface
FNDA:4,AmbassadorNft.supportsInterface
DA:87,4
FNF:7
FNH:7
LF:11
LH:11
BRF:1
BRH:1
end_of_record
TN:
SF:src/DaoGovernor.sol
FN:28,DaoGovernor.
FNDA:4,DaoGovernor.
FN:44,DaoGovernor.votingDelay
FNDA:1,DaoGovernor.votingDelay
DA:45,3
FN:48,DaoGovernor.votingPeriod
FNDA:1,DaoGovernor.votingPeriod
DA:49,3
FN:52,DaoGovernor.quorum
FNDA:1,DaoGovernor.quorum
DA:58,4
FN:61,DaoGovernor.state
FNDA:6,DaoGovernor.state
DA:67,12
FN:70,DaoGovernor.proposalNeedsQueuing
FNDA:1,DaoGovernor.proposalNeedsQueuing
DA:76,1
FN:79,DaoGovernor.proposalThreshold
FNDA:1,DaoGovernor.proposalThreshold
DA:80,3
FN:83,DaoGovernor._queueOperations
FNDA:1,DaoGovernor._queueOperations
DA:90,1
FN:93,DaoGovernor._executeOperations
FNDA:1,DaoGovernor._executeOperations
DA:100,1
FN:103,DaoGovernor._cancel
FNDA:1,DaoGovernor._cancel
DA:109,1
FN:112,DaoGovernor._executor
FNDA:2,DaoGovernor._executor
DA:113,2
FNF:11
FNH:11
LF:10
LH:10
BRF:0
BRH:0
end_of_record
TN:
SF:src/ERC20UpgradeableTokenV1.sol
FN:34,ERC20UpgradeableTokenV1.
FNDA:114,ERC20UpgradeableTokenV1.
DA:35,114
FN:38,ERC20UpgradeableTokenV1.initialize
FNDA:113,ERC20UpgradeableTokenV1.initialize
DA:47,113
BRDA:47,0,0,1
DA:48,112
DA:49,112
DA:50,112
DA:51,112
DA:52,112
DA:53,112
DA:55,112
DA:56,112
DA:57,112
DA:58,112
DA:59,112
FN:62,ERC20UpgradeableTokenV1.pause
FNDA:3,ERC20UpgradeableTokenV1.pause
DA:63,3
FN:66,ERC20UpgradeableTokenV1.unpause
FNDA:2,ERC20UpgradeableTokenV1.unpause
DA:67,2
FN:70,ERC20UpgradeableTokenV1.mint
FNDA:8513,ERC20UpgradeableTokenV1.mint
DA:71,8513
FN:79,ERC20UpgradeableTokenV1.burnByBurner
FNDA:16428,ERC20UpgradeableTokenV1.burnByBurner
DA:80,16426
FN:83,ERC20UpgradeableTokenV1._authorizeUpgrade
FNDA:1,ERC20UpgradeableTokenV1._authorizeUpgrade
FN:86,ERC20UpgradeableTokenV1._update
FNDA:24947,ERC20UpgradeableTokenV1._update
DA:90,24947
FNF:8
FNH:8
LF:18
LH:18
BRF:1
BRH:1
end_of_record
TN:
SF:src/GovToken.sol
FN:26,GovToken.
FNDA:119,GovToken.
DA:34,119
BRDA:34,0,0,1
DA:36,118
DA:37,118
DA:38,118
DA:39,118
DA:41,118
FN:49,GovToken._update
FNDA:16583,GovToken._update
DA:52,16583
BRDA:52,1,0,5
DA:53,5
DA:55,16578
FN:65,GovToken.burnByBurner
FNDA:7,GovToken.burnByBurner
DA:66,5
FN:69,GovToken.mint
FNDA:16576,GovToken.mint
DA:70,16573
FN:79,GovToken.setBurnedAmountOfUtilToken
FNDA:16429,GovToken.setBurnedAmountOfUtilToken
DA:83,16427
DA:84,16427
FN:91,GovToken.clock
FNDA:19,GovToken.clock
DA:92,16615
FN:100,GovToken.CLOCK_MODE
FNDA:1,GovToken.CLOCK_MODE
DA:101,1
FN:109,GovToken.nonces
FNDA:6,GovToken.nonces
DA:110,6
FNF:8
FNH:8
LF:16
LH:16
BRF:2
BRH:2
end_of_record
TN:
SF:src/Timelock.sol
FN:17,Timelock.
FNDA:4,Timelock.
FNF:1
FNH:1
LF:0
LH:0
BRF:0
BRH:0
end_of_record
TN:
SF:src/VotingPowerExchange.sol
FN:66,VotingPowerExchange.
FNDA:123,VotingPowerExchange.
DA:69,123
BRDA:69,0,0,2
DA:70,121
BRDA:70,1,0,2
DA:71,2
DA:74,119
DA:75,119
DA:76,119
DA:77,119
DA:78,119
DA:79,119
FN:98,VotingPowerExchange.exchange
FNDA:36947,VotingPowerExchange.exchange
DA:102,32843
BRDA:102,2,0,1
DA:103,32842
BRDA:103,3,0,4101
DA:104,28741
BRDA:104,4,0,4105
DA:105,24636
BRDA:105,5,0,4105
DA:107,20531
DA:108,20531
BRDA:108,6,0,2
DA:109,2
DA:113,20529
DA:114,20529
BRDA:114,7,0,4106
DA:115,4106
DA:119,16423
DA:121,16423
DA:125,16423
DA:127,16423
DA:129,16423
BRDA:129,8,0,1
DA:131,1
DA:133,1
DA:137,16423
DA:140,16423
DA:143,16423
DA:144,16423
FN:152,VotingPowerExchange.setVotingPowerCap
FNDA:16412,VotingPowerExchange.setVotingPowerCap
DA:153,12307
BRDA:153,9,0,4102
DA:154,8205
FN:160,VotingPowerExchange.authorizationState
FNDA:8,VotingPowerExchange.authorizationState
DA:161,28749
FN:172,VotingPowerExchange._setVotingPowerCap
FNDA:8324,VotingPowerExchange._setVotingPowerCap
DA:173,8324
DA:174,8324
FN:187,VotingPowerExchange.calculateIncrementedVotingPower
FNDA:65695,VotingPowerExchange.calculateIncrementedVotingPower
DA:192,82118
DA:193,82118
FN:204,VotingPowerExchange.calculateVotingPowerFromBurnedAmount
FNDA:49365,VotingPowerExchange.calculateVotingPowerFromBurnedAmount
DA:206,213601
DA:208,213601
DA:210,213601
DA:211,213601
FN:221,VotingPowerExchange.calculateIncrementedBurningAmount
FNDA:45175,VotingPowerExchange.calculateIncrementedBurningAmount
DA:226,45176
DA:227,45176
FN:236,VotingPowerExchange.calculateBurningAmountFromVotingPower
FNDA:49348,VotingPowerExchange.calculateBurningAmountFromVotingPower
DA:238,139700
DA:239,139700
DA:240,139700
FN:247,VotingPowerExchange.getVotingPowerCap
FNDA:12304,VotingPowerExchange.getVotingPowerCap
DA:248,12304
FN:255,VotingPowerExchange.getConstants
FNDA:1,VotingPowerExchange.getConstants
DA:260,1
DA:261,1
DA:262,1
DA:263,1
FN:270,VotingPowerExchange.getTokenAddresses
FNDA:1,VotingPowerExchange.getTokenAddresses
DA:271,1
DA:272,1
FNF:12
FNH:12
LF:53
LH:53
BRF:10
BRH:10
end_of_record
TN:
SF:test/integration/utils/VotingPowerExchangeTestHelper.t.sol
FN:15,VotingPowerExchangeTestHelper.generateSignatureFromPrivateKey
FNDA:36946,VotingPowerExchangeTestHelper.generateSignatureFromPrivateKey
DA:22,36946
DA:23,36946
DA:24,36946
DA:26,36946
DA:36,36946
DA:38,36946
DA:40,36946
FN:51,VotingPowerExchangeTestHelper.createDigest
FNDA:4104,VotingPowerExchangeTestHelper.createDigest
DA:56,4104
DA:57,4104
DA:66,4104
FNF:2
FNH:2
LF:10
LH:10
BRF:0
BRH:0
end_of_record
TN:
SF:test/mocks/ERC20UpgradeableTokenV2.sol
FN:14,ERC20UpgradeableTokenV2.initializeV2
FNDA:1,ERC20UpgradeableTokenV2.initializeV2
DA:15,1
DA:16,1
DA:19,1
FN:27,ERC20UpgradeableTokenV2.setTreasury
FNDA:0,ERC20UpgradeableTokenV2.setTreasury
DA:28,0
FN:35,ERC20UpgradeableTokenV2.getTreasury
FNDA:1,ERC20UpgradeableTokenV2.getTreasury
DA:36,1
FNF:3
FNH:2
LF:5
LH:4
BRF:0
BRH:0
end_of_record
