TN:
SF:script/DeployContracts.s.sol
FN:48,DeployContracts.run
FNDA:34,DeployContracts.run
DA:50,34
BRDA:50,0,0,34
BRDA:50,0,1,-
DA:51,34
DA:52,34
DA:53,0
BRDA:53,1,0,-
BRDA:53,1,1,-
DA:54,0
DA:56,0
DA:69,0
BRDA:69,2,0,-
DA:70,0
DA:72,0
DA:87,34
FN:91,DeployContracts.deploymentsOnLocalNetwork
FNDA:0,DeployContracts.deploymentsOnLocalNetwork
DA:92,34
DA:93,34
DA:94,34
DA:95,34
DA:96,34
DA:97,34
DA:108,34
DA:109,34
DA:116,34
DA:119,34
DA:122,34
DA:125,34
DA:127,34
DA:129,34
DA:131,34
DA:132,34
DA:134,34
FNF:2
FNH:1
LF:27
LH:21
BRF:5
BRH:1
end_of_record
TN:
SF:src/AmbassadorNft.sol
FN:19,AmbassadorNft.
FNDA:12,AmbassadorNft.
DA:20,12
BRDA:20,0,0,-
DA:21,12
DA:22,12
DA:23,12
DA:24,12
FN:27,AmbassadorNft.setURI
FNDA:2,AmbassadorNft.setURI
DA:28,1
FN:31,AmbassadorNft.mint
FNDA:43,AmbassadorNft.mint
DA:32,39
FN:35,AmbassadorNft.mintBatch
FNDA:0,AmbassadorNft.mintBatch
DA:39,0
FN:49,AmbassadorNft.burn
FNDA:9,AmbassadorNft.burn
DA:50,6
FN:54,AmbassadorNft.supportsInterface
FNDA:0,AmbassadorNft.supportsInterface
DA:55,0
FNF:6
FNH:4
LF:10
LH:8
BRF:1
BRH:0
end_of_record
TN:
SF:src/ERC20UpgradeableTokenV1.sol
FN:34,ERC20UpgradeableTokenV1.
FNDA:47,ERC20UpgradeableTokenV1.
DA:35,47
FN:38,ERC20UpgradeableTokenV1.initialize
FNDA:46,ERC20UpgradeableTokenV1.initialize
DA:47,46
BRDA:47,0,0,-
DA:48,46
DA:49,46
DA:50,46
DA:51,46
DA:52,46
DA:53,46
DA:55,46
DA:56,46
DA:57,46
DA:58,46
DA:59,46
FN:62,ERC20UpgradeableTokenV1.pause
FNDA:1,ERC20UpgradeableTokenV1.pause
DA:63,1
FN:66,ERC20UpgradeableTokenV1.unpause
FNDA:1,ERC20UpgradeableTokenV1.unpause
DA:67,1
FN:70,ERC20UpgradeableTokenV1.mint
FNDA:120,ERC20UpgradeableTokenV1.mint
DA:71,120
FN:79,ERC20UpgradeableTokenV1.burnByBurner
FNDA:13,ERC20UpgradeableTokenV1.burnByBurner
DA:80,11
FN:83,ERC20UpgradeableTokenV1._authorizeUpgrade
FNDA:1,ERC20UpgradeableTokenV1._authorizeUpgrade
FN:86,ERC20UpgradeableTokenV1._update
FNDA:138,ERC20UpgradeableTokenV1._update
DA:90,138
FNF:8
FNH:8
LF:18
LH:18
BRF:1
BRH:0
end_of_record
TN:
SF:src/GovToken.sol
FN:27,GovToken.
FNDA:46,GovToken.
DA:35,46
BRDA:35,0,0,-
DA:37,46
DA:38,46
DA:39,46
DA:40,46
DA:41,46
FN:49,GovToken._update
FNDA:81,GovToken._update
DA:52,81
BRDA:52,1,0,4
DA:53,4
DA:55,77
FN:65,GovToken.burnByBurner
FNDA:7,GovToken.burnByBurner
DA:66,5
FN:69,GovToken.mint
FNDA:74,GovToken.mint
DA:70,72
FN:79,GovToken.setBurnedAmountOfUtilToken
FNDA:14,GovToken.setBurnedAmountOfUtilToken
DA:83,12
DA:84,12
FN:87,GovToken.clock
FNDA:0,GovToken.clock
DA:88,77
FN:92,GovToken.CLOCK_MODE
FNDA:0,GovToken.CLOCK_MODE
DA:93,0
FN:96,GovToken.nonces
FNDA:0,GovToken.nonces
DA:97,0
FNF:8
FNH:5
LF:16
LH:14
BRF:2
BRH:1
end_of_record
TN:
SF:src/MyGovernor.sol
FN:26,MyGovernor.
FNDA:0,MyGovernor.
FN:36,MyGovernor.votingDelay
FNDA:0,MyGovernor.votingDelay
DA:37,0
FN:40,MyGovernor.votingPeriod
FNDA:0,MyGovernor.votingPeriod
DA:41,0
FN:44,MyGovernor.quorum
FNDA:0,MyGovernor.quorum
DA:50,0
FN:53,MyGovernor.state
FNDA:0,MyGovernor.state
DA:59,0
FN:62,MyGovernor.proposalNeedsQueuing
FNDA:0,MyGovernor.proposalNeedsQueuing
DA:68,0
FN:71,MyGovernor.proposalThreshold
FNDA:0,MyGovernor.proposalThreshold
DA:72,0
FN:75,MyGovernor._queueOperations
FNDA:0,MyGovernor._queueOperations
DA:82,0
FN:85,MyGovernor._executeOperations
FNDA:0,MyGovernor._executeOperations
DA:92,0
FN:95,MyGovernor._cancel
FNDA:0,MyGovernor._cancel
DA:101,0
FN:104,MyGovernor._executor
FNDA:0,MyGovernor._executor
DA:105,0
FNF:11
FNH:0
LF:10
LH:0
BRF:0
BRH:0
end_of_record
TN:
SF:src/Timelock.sol
FN:13,Timelock.
FNDA:0,Timelock.
FNF:1
FNH:0
LF:0
LH:0
BRF:0
BRH:0
end_of_record
TN:
SF:src/VotingPowerExchange.sol
FN:66,VotingPowerExchange.
FNDA:49,VotingPowerExchange.
DA:69,49
BRDA:69,0,0,2
DA:70,47
BRDA:70,1,0,2
DA:71,2
DA:74,45
DA:75,45
DA:76,45
DA:77,45
DA:78,45
DA:79,45
FN:98,VotingPowerExchange.exchange
FNDA:16,VotingPowerExchange.exchange
DA:102,16
BRDA:102,2,0,1
DA:103,15
BRDA:103,3,0,1
DA:104,14
BRDA:104,4,0,1
DA:105,13
BRDA:105,5,0,1
DA:107,12
DA:108,12
BRDA:108,6,0,2
DA:109,2
DA:113,10
DA:114,10
BRDA:114,7,0,2
DA:115,2
DA:119,8
DA:121,8
DA:125,8
DA:127,8
DA:129,8
BRDA:129,8,0,1
DA:131,1
DA:133,1
DA:137,8
DA:140,8
DA:143,8
DA:144,8
FN:152,VotingPowerExchange.setVotingPowerCap
FNDA:4,VotingPowerExchange.setVotingPowerCap
DA:153,3
BRDA:153,9,0,2
DA:154,1
FN:160,VotingPowerExchange.authorizationState
FNDA:8,VotingPowerExchange.authorizationState
DA:161,22
FN:172,VotingPowerExchange._setVotingPowerCap
FNDA:46,VotingPowerExchange._setVotingPowerCap
DA:173,46
DA:174,46
FN:187,VotingPowerExchange.calculateIncrementedVotingPower
FNDA:26,VotingPowerExchange.calculateIncrementedVotingPower
DA:192,34
DA:193,34
FN:204,VotingPowerExchange.calculateVotingPowerFromBurnedAmount
FNDA:117,VotingPowerExchange.calculateVotingPowerFromBurnedAmount
DA:206,185
DA:208,185
DA:210,185
DA:211,185
FN:221,VotingPowerExchange.calculateIncrementedBurningAmount
FNDA:26,VotingPowerExchange.calculateIncrementedBurningAmount
DA:226,27
DA:227,27
FN:236,VotingPowerExchange.calculateBurningAmountFromVotingPower
FNDA:100,VotingPowerExchange.calculateBurningAmountFromVotingPower
DA:238,154
DA:239,154
DA:240,154
FN:247,VotingPowerExchange.getVotingPowerCap
FNDA:4,VotingPowerExchange.getVotingPowerCap
DA:248,4
FN:255,VotingPowerExchange.getConstants
FNDA:1,VotingPowerExchange.getConstants
DA:260,1
DA:261,1
DA:262,1
DA:263,1
FN:270,VotingPowerExchange.getTokenAddresses
FNDA:1,VotingPowerExchange.getTokenAddresses
DA:271,1
DA:272,1
FNF:12
FNH:12
LF:53
LH:53
BRF:10
BRH:10
end_of_record
TN:
SF:test/integration/utils/VotingPowerExchangeTestHelper.t.sol
FN:15,VotingPowerExchangeTestHelper.generateSignatureFromPrivateKey
FNDA:15,VotingPowerExchangeTestHelper.generateSignatureFromPrivateKey
DA:22,15
DA:23,15
DA:24,15
DA:26,15
DA:36,15
DA:38,15
DA:40,15
FNF:1
FNH:1
LF:7
LH:7
BRF:0
BRH:0
end_of_record
TN:
SF:test/mocks/ERC20UpgradeableTokenV2.sol
FN:14,ERC20UpgradeableTokenV2.initializeV2
FNDA:1,ERC20UpgradeableTokenV2.initializeV2
DA:15,1
DA:16,1
DA:19,1
FN:27,ERC20UpgradeableTokenV2.setTreasury
FNDA:0,ERC20UpgradeableTokenV2.setTreasury
DA:28,0
FN:35,ERC20UpgradeableTokenV2.getTreasury
FNDA:1,ERC20UpgradeableTokenV2.getTreasury
DA:36,1
FNF:3
FNH:2
LF:5
LH:4
BRF:0
BRH:0
end_of_record
